{
  "RSpec": {
    "coverage": {
      "/Users/admin/Projects/makers/week_9/tech_tests/bank/spec/account_spec.rb": {
        "lines": [
          null,
          null,
          1,
          null,
          1,
          2,
          2,
          null,
          1,
          1,
          1,
          null,
          null,
          null,
          1,
          1,
          1,
          1,
          null,
          1,
          1,
          1,
          null,
          1,
          4,
          null,
          null,
          null,
          1,
          1,
          1,
          1,
          null,
          1,
          1,
          1,
          null,
          1,
          4,
          null,
          null,
          null,
          1,
          1,
          1,
          1,
          2,
          null,
          null,
          null,
          1,
          1,
          0,
          0,
          null,
          null,
          null,
          null
        ]
      },
      "/Users/admin/Projects/makers/week_9/tech_tests/bank/lib/account.rb": {
        "lines": [
          null,
          null,
          1,
          null,
          1,
          1,
          null,
          1,
          9,
          null,
          null,
          1,
          11,
          null,
          null,
          1,
          4,
          null,
          null,
          1,
          4,
          null,
          null,
          1,
          2,
          2,
          null,
          null,
          1,
          null,
          1,
          8,
          null,
          null,
          1,
          8,
          null,
          null,
          1,
          2,
          2,
          null,
          null,
          1,
          11,
          11,
          3,
          null,
          11,
          null,
          null,
          1,
          11,
          11,
          3,
          null,
          11,
          null,
          null,
          1,
          8,
          null,
          null
        ]
      },
      "/Users/admin/Projects/makers/week_9/tech_tests/bank/lib/transaction.rb": {
        "lines": [
          null,
          null,
          1,
          1,
          null,
          1,
          11,
          11,
          11,
          11,
          null,
          null,
          1,
          3,
          null,
          null,
          1,
          null,
          1,
          3,
          null,
          null,
          1,
          3,
          1,
          null,
          2,
          null,
          null,
          null,
          1,
          3,
          2,
          null,
          1,
          null,
          null,
          null
        ]
      },
      "/Users/admin/Projects/makers/week_9/tech_tests/bank/spec/features_spec.rb": {
        "lines": [
          null,
          1,
          1,
          1,
          1,
          1,
          1,
          2,
          null,
          null,
          null,
          null,
          null,
          null
        ]
      },
      "/Users/admin/Projects/makers/week_9/tech_tests/bank/spec/transaction_spec.rb": {
        "lines": [
          null,
          null,
          1,
          null,
          1,
          6,
          2,
          null,
          6,
          null,
          1,
          1,
          null,
          1,
          1,
          null,
          1,
          1,
          null,
          1,
          1,
          null,
          null,
          1,
          1,
          2,
          null,
          null,
          null
        ]
      }
    },
    "timestamp": 1617893711
  }
}
